<?xml version="1.0" encoding="UTF-8"?>
<testsuite name="fr.bouyguestelecom.tv.bboxiot.test.BluetoothSmartDeviceTest" tests="2" skipped="0" failures="0" errors="0" timestamp="2016-03-10T17:11:36" hostname="akinaru" time="0.007">
  <properties/>
  <testcase name="toJsonTest" classname="fr.bouyguestelecom.tv.bboxiot.test.BluetoothSmartDeviceTest" time="0.001"/>
  <testcase name="BluetoothSmartDeviceTest" classname="fr.bouyguestelecom.tv.bboxiot.test.BluetoothSmartDeviceTest" time="0.006"/>
  <system-out><![CDATA[]]></system-out>
  <system-err><![CDATA[]]></system-err>
</testsuite>
